Determining if the function alloca exists failed with the following output:
Change Dir: /home/zac/dev/img/opencv/build/CMakeFiles/CMakeTmp

Run Build Command:/usr/bin/make "cmTryCompileExec3854176892/fast"
/usr/bin/make -f CMakeFiles/cmTryCompileExec3854176892.dir/build.make CMakeFiles/cmTryCompileExec3854176892.dir/build
make[1]: Entering directory `/home/zac/dev/img/opencv/build/CMakeFiles/CMakeTmp'
/usr/bin/cmake -E cmake_progress_report /home/zac/dev/img/opencv/build/CMakeFiles/CMakeTmp/CMakeFiles 1
Building C object CMakeFiles/cmTryCompileExec3854176892.dir/CheckFunctionExists.c.o
/usr/bin/gcc   -W -Wall -Werror=return-type -Werror=non-virtual-dtor -Werror=address -Werror=sequence-point -Wformat -Werror=format-security -Wmissing-declarations -Wmissing-prototypes -Wstrict-prototypes -Wundef -Winit-self -Wpointer-arith -Wshadow -Wno-narrowing -fdiagnostics-show-option -Wno-long-long -pthread -fomit-frame-pointer -msse -msse2 -msse3 -ffunction-sections  -DCHECK_FUNCTION_EXISTS=alloca -O3 -DNDEBUG   -o CMakeFiles/cmTryCompileExec3854176892.dir/CheckFunctionExists.c.o   -c /usr/share/cmake-2.8/Modules/CheckFunctionExists.c
/usr/share/cmake-2.8/Modules/CheckFunctionExists.c:3:1: warning: function declaration isn’t a prototype [-Wstrict-prototypes]
/usr/share/cmake-2.8/Modules/CheckFunctionExists.c:3:6: warning: conflicting types for built-in function ‘alloca’ [enabled by default]
Linking C executable cmTryCompileExec3854176892
/usr/bin/cmake -E cmake_link_script CMakeFiles/cmTryCompileExec3854176892.dir/link.txt --verbose=1
/usr/bin/gcc      -W -Wall -Werror=return-type -Werror=non-virtual-dtor -Werror=address -Werror=sequence-point -Wformat -Werror=format-security -Wmissing-declarations -Wmissing-prototypes -Wstrict-prototypes -Wundef -Winit-self -Wpointer-arith -Wshadow -Wno-narrowing -fdiagnostics-show-option -Wno-long-long -pthread -fomit-frame-pointer -msse -msse2 -msse3 -ffunction-sections  -DCHECK_FUNCTION_EXISTS=alloca -O3 -DNDEBUG    CMakeFiles/cmTryCompileExec3854176892.dir/CheckFunctionExists.c.o  -o cmTryCompileExec3854176892 -rdynamic 
CMakeFiles/cmTryCompileExec3854176892.dir/CheckFunctionExists.c.o: In function `main':
CheckFunctionExists.c:(.text.startup.main+0x20): undefined reference to `alloca'
collect2: error: ld returned 1 exit status
make[1]: Leaving directory `/home/zac/dev/img/opencv/build/CMakeFiles/CMakeTmp'
make[1]: *** [cmTryCompileExec3854176892] Error 1
make: *** [cmTryCompileExec3854176892/fast] Error 2


Determining if the include file linux/videodev.h exists failed with the following output:
Change Dir: /home/zac/dev/img/opencv/build/CMakeFiles/CMakeTmp

Run Build Command:/usr/bin/make "cmTryCompileExec1246540275/fast"
/usr/bin/make -f CMakeFiles/cmTryCompileExec1246540275.dir/build.make CMakeFiles/cmTryCompileExec1246540275.dir/build
make[1]: Entering directory `/home/zac/dev/img/opencv/build/CMakeFiles/CMakeTmp'
/usr/bin/cmake -E cmake_progress_report /home/zac/dev/img/opencv/build/CMakeFiles/CMakeTmp/CMakeFiles 1
Building C object CMakeFiles/cmTryCompileExec1246540275.dir/CheckIncludeFile.c.o
/usr/bin/gcc   -W -Wall -Werror=return-type -Werror=non-virtual-dtor -Werror=address -Werror=sequence-point -Wformat -Werror=format-security -Wmissing-declarations -Wmissing-prototypes -Wstrict-prototypes -Wundef -Winit-self -Wpointer-arith -Wshadow -Wno-narrowing -fdiagnostics-show-option -Wno-long-long -pthread -fomit-frame-pointer -msse -msse2 -msse3 -ffunction-sections   -O3 -DNDEBUG   -o CMakeFiles/cmTryCompileExec1246540275.dir/CheckIncludeFile.c.o   -c /home/zac/dev/img/opencv/build/CMakeFiles/CMakeTmp/CheckIncludeFile.c
/home/zac/dev/img/opencv/build/CMakeFiles/CMakeTmp/CheckIncludeFile.c:1:28: fatal error: linux/videodev.h: No such file or directory
compilation terminated.
make[1]: Leaving directory `/home/zac/dev/img/opencv/build/CMakeFiles/CMakeTmp'
make[1]: *** [CMakeFiles/cmTryCompileExec1246540275.dir/CheckIncludeFile.c.o] Error 1
make: *** [cmTryCompileExec1246540275/fast] Error 2


Determining if the include file ffmpeg/avformat.h exists failed with the following output:
Change Dir: /home/zac/dev/img/opencv/build/CMakeFiles/CMakeTmp

Run Build Command:/usr/bin/make "cmTryCompileExec3784396421/fast"
/usr/bin/make -f CMakeFiles/cmTryCompileExec3784396421.dir/build.make CMakeFiles/cmTryCompileExec3784396421.dir/build
make[1]: Entering directory `/home/zac/dev/img/opencv/build/CMakeFiles/CMakeTmp'
/usr/bin/cmake -E cmake_progress_report /home/zac/dev/img/opencv/build/CMakeFiles/CMakeTmp/CMakeFiles 1
Building C object CMakeFiles/cmTryCompileExec3784396421.dir/CheckIncludeFile.c.o
/usr/bin/gcc   -W -Wall -Werror=return-type -Werror=non-virtual-dtor -Werror=address -Werror=sequence-point -Wformat -Werror=format-security -Wmissing-declarations -Wmissing-prototypes -Wstrict-prototypes -Wundef -Winit-self -Wpointer-arith -Wshadow -Wno-narrowing -fdiagnostics-show-option -Wno-long-long -pthread -fomit-frame-pointer -msse -msse2 -msse3 -ffunction-sections   -O3 -DNDEBUG   -o CMakeFiles/cmTryCompileExec3784396421.dir/CheckIncludeFile.c.o   -c /home/zac/dev/img/opencv/build/CMakeFiles/CMakeTmp/CheckIncludeFile.c
/home/zac/dev/img/opencv/build/CMakeFiles/CMakeTmp/CheckIncludeFile.c:1:29: fatal error: ffmpeg/avformat.h: No such file or directory
compilation terminated.
make[1]: Leaving directory `/home/zac/dev/img/opencv/build/CMakeFiles/CMakeTmp'
make[1]: *** [CMakeFiles/cmTryCompileExec3784396421.dir/CheckIncludeFile.c.o] Error 1
make: *** [cmTryCompileExec3784396421/fast] Error 2


